<?xml version="1.0" encoding="UTF-8"?>
<!-- Generated by org.testng.reporters.JUnitReportReporter -->
<testsuite hostname="DESKTOP-13EDC9F" failures="0" tests="1" name="excelPOI.TC_001_ExcelData" time="1.182" errors="0" timestamp="2024-03-09T19:47:31 IST" skipped="0">
  <testcase classname="excelPOI.TC_001_ExcelData" name="readExcel" time="1.182"/>
</testsuite> <!-- excelPOI.TC_001_ExcelData -->
