<?xml version="1.0" encoding="UTF-8"?>
<!-- Generated by org.testng.reporters.JUnitReportReporter -->
<testsuite hostname="DESKTOP-13EDC9F" failures="0" tests="1" name="practice.select_dp" time="21.761" errors="0" timestamp="2024-03-10T12:56:24 IST" skipped="0">
  <testcase classname="practice.select_dp" name="selectdp" time="21.761"/>
</testsuite> <!-- practice.select_dp -->
