<?xml version="1.0" encoding="UTF-8"?>
<!-- Generated by org.testng.reporters.JUnitReportReporter -->
<testsuite hostname="DESKTOP-13EDC9F" failures="0" tests="2" name="com.orange.testscripts.TC_001_PptLogin" time="38.400" errors="0" timestamp="2024-03-10T09:23:37 IST" skipped="0">
  <testcase classname="com.orange.testscripts.TC_001_PptLogin" name="PptLogin" time="21.132"/>
  <testcase classname="com.orange.testscripts.TC_001_PptLogin" name="PptLogin" time="17.268"/>
</testsuite> <!-- com.orange.testscripts.TC_001_PptLogin -->
