<?xml version="1.0" encoding="UTF-8"?>
<!-- Generated by org.testng.reporters.JUnitReportReporter -->
<testsuite hostname="DESKTOP-13EDC9F" failures="0" tests="4" name="api.test.UserTests" time="8.447" errors="0" timestamp="2024-04-14T11:17:45 IST" skipped="0">
  <testcase classname="api.test.UserTests" name="testPostUser" time="3.848"/>
  <testcase classname="api.test.UserTests" name="testGetUserByName" time="1.129"/>
  <testcase classname="api.test.UserTests" name="testUpdateUserByName" time="2.325"/>
  <testcase classname="api.test.UserTests" name="testDeleteUserByName" time="1.145"/>
</testsuite> <!-- api.test.UserTests -->
