<?xml version="1.0" encoding="UTF-8"?>
<!-- Generated by org.testng.reporters.JUnitReportReporter -->
<testsuite hostname="DESKTOP-13EDC9F" failures="0" tests="9" name="api.test.DataDriven" time="13.242" errors="0" timestamp="2024-04-12T19:34:58 IST" skipped="0">
  <testcase classname="api.test.DataDriven" name="testPostUser" time="3.884"/>
  <testcase classname="api.test.DataDriven" name="testPostUser" time="1.216"/>
  <testcase classname="api.test.DataDriven" name="testPostUser" time="1.156"/>
  <testcase classname="api.test.DataDriven" name="testReadUser" time="1.133"/>
  <testcase classname="api.test.DataDriven" name="testReadUser" time="1.182"/>
  <testcase classname="api.test.DataDriven" name="testReadUser" time="1.116"/>
  <testcase classname="api.test.DataDriven" name="testDeleteUser" time="1.156"/>
  <testcase classname="api.test.DataDriven" name="testDeleteUser" time="1.275"/>
  <testcase classname="api.test.DataDriven" name="testDeleteUser" time="1.124"/>
</testsuite> <!-- api.test.DataDriven -->
