<?xml version="1.0" encoding="UTF-8"?>
<!-- Generated by org.testng.reporters.JUnitReportReporter -->
<testsuite hostname="DESKTOP-13EDC9F" failures="0" tests="9" name="api.test.DataDriven" time="13.329" errors="0" timestamp="2024-03-22T13:35:52 IST" skipped="0">
  <testcase classname="api.test.DataDriven" name="testPostUser" time="1.203"/>
  <testcase classname="api.test.DataDriven" name="testPostUser" time="1.178"/>
  <testcase classname="api.test.DataDriven" name="testPostUser" time="3.962"/>
  <testcase classname="api.test.DataDriven" name="testReadUser" time="1.140"/>
  <testcase classname="api.test.DataDriven" name="testReadUser" time="1.145"/>
  <testcase classname="api.test.DataDriven" name="testReadUser" time="1.165"/>
  <testcase classname="api.test.DataDriven" name="testDeleteUser" time="1.181"/>
  <testcase classname="api.test.DataDriven" name="testDeleteUser" time="1.139"/>
  <testcase classname="api.test.DataDriven" name="testDeleteUser" time="1.216"/>
</testsuite> <!-- api.test.DataDriven -->
