<?xml version="1.0" encoding="UTF-8"?>
<!-- Generated by org.testng.reporters.JUnitReportReporter -->
<testsuite hostname="DESKTOP-13EDC9F" failures="0" tests="4" name="api.test.UserTests" time="8.828" errors="0" timestamp="2024-03-22T09:20:42 IST" skipped="0">
  <testcase classname="api.test.UserTests" name="testPostUser" time="4.055"/>
  <testcase classname="api.test.UserTests" name="testGetUserByName" time="1.238"/>
  <testcase classname="api.test.UserTests" name="testUpdateUserByName" time="2.336"/>
  <testcase classname="api.test.UserTests" name="testDeleteUserByName" time="1.199"/>
</testsuite> <!-- api.test.UserTests -->
