<?xml version="1.0" encoding="UTF-8"?>
<!-- Generated by org.testng.reporters.JUnitReportReporter -->
<testsuite hostname="DESKTOP-13EDC9F" failures="0" tests="1" name="day6.XmlSchemaValidation" time="2.601" errors="0" timestamp="2024-03-17T11:50:08 IST" skipped="0">
  <testcase classname="day6.XmlSchemaValidation" name="xmlSchemaValidation" time="2.601"/>
</testsuite> <!-- day6.XmlSchemaValidation -->
