<?xml version="1.0" encoding="UTF-8"?>
<!-- Generated by org.testng.reporters.JUnitReportReporter -->
<testsuite hostname="DESKTOP-13EDC9F" failures="0" tests="1" name="day6.JsonSchemaValidation" time="2.635" errors="0" timestamp="2024-03-17T11:14:49 IST" skipped="0">
  <testcase classname="day6.JsonSchemaValidation" name="jsonSchemmaValidation" time="2.635"/>
</testsuite> <!-- day6.JsonSchemaValidation -->
