<?xml version="1.0" encoding="UTF-8"?>
<!-- Generated by org.testng.reporters.JUnitReportReporter -->
<testsuite hostname="DESKTOP-13EDC9F" failures="0" tests="1" name="practice.TC_001_DeleteUser" time="0.039" errors="0" timestamp="2024-04-12T12:40:06 IST" skipped="0">
  <testcase classname="practice.TC_001_DeleteUser" name="deleteUser" time="0.039"/>
</testsuite> <!-- practice.TC_001_DeleteUser -->
