<?xml version="1.0" encoding="UTF-8"?>
<!-- Generated by org.testng.reporters.JUnitReportReporter -->
<testsuite hostname="DESKTOP-13EDC9F" failures="0" tests="1" name="day7.FakerDataGenerator" time="0.344" errors="0" timestamp="2024-03-18T17:06:26 IST" skipped="0">
  <testcase classname="day7.FakerDataGenerator" name="testGenerateDummyData" time="0.344"/>
</testsuite> <!-- day7.FakerDataGenerator -->
