<?xml version="1.0" encoding="UTF-8"?>
<!-- Generated by org.testng.reporters.JUnitReportReporter -->
<testsuite hostname="DESKTOP-13EDC9F" failures="0" tests="1" name="practice.TC_001_ReadUser" time="0.080" errors="0" timestamp="2024-04-12T12:40:56 IST" skipped="0">
  <testcase classname="practice.TC_001_ReadUser" name="readUser" time="0.080"/>
</testsuite> <!-- practice.TC_001_ReadUser -->
