<?xml version="1.0" encoding="UTF-8"?>
<!-- Generated by org.testng.reporters.JUnitReportReporter -->
<testsuite hostname="DESKTOP-13EDC9F" failures="0" tests="1" name="day5.ParsingXMLResponse_APR_2" time="3.531" errors="0" timestamp="2024-03-16T17:30:28 IST" skipped="0">
  <testcase classname="day5.ParsingXMLResponse_APR_2" name="parsingXMLResp" time="3.531"/>
</testsuite> <!-- day5.ParsingXMLResponse_APR_2 -->
