<?xml version="1.0" encoding="UTF-8"?>
<!-- Generated by org.testng.reporters.JUnitReportReporter -->
<testsuite hostname="DESKTOP-13EDC9F" failures="0" tests="1" name="day3.PathandQueryParam" time="2.867" errors="0" timestamp="2024-03-13T18:14:03 IST" skipped="0">
  <testcase classname="day3.PathandQueryParam" name="pathAndQueryParam" time="2.867"/>
</testsuite> <!-- day3.PathandQueryParam -->
