<?xml version="1.0" encoding="UTF-8"?>
<!-- Generated by org.testng.reporters.JUnitReportReporter -->
<testsuite hostname="DESKTOP-13EDC9F" failures="0" tests="1" name="rawpractice.DeleteUser" time="0.053" errors="0" timestamp="2024-04-14T15:35:42 IST" skipped="0">
  <testcase classname="rawpractice.DeleteUser" name="deleteUser" time="0.053"/>
</testsuite> <!-- rawpractice.DeleteUser -->
