<?xml version="1.0" encoding="UTF-8"?>
<!-- Generated by org.testng.reporters.JUnitReportReporter -->
<testsuite hostname="DESKTOP-13EDC9F" failures="0" tests="1" name="rawpractice.ReadUser" time="2.007" errors="0" timestamp="2024-04-14T20:06:37 IST" skipped="0">
  <testcase classname="rawpractice.ReadUser" name="readData" time="2.007"/>
</testsuite> <!-- rawpractice.ReadUser -->
