<?xml version="1.0" encoding="UTF-8"?>
<!-- Generated by org.testng.reporters.JUnitReportReporter -->
<testsuite hostname="DESKTOP-13EDC9F" failures="0" tests="1" name="day5.ParsingXMLResponseData" time="3.449" errors="0" timestamp="2024-03-16T16:49:21 IST" skipped="0">
  <testcase classname="day5.ParsingXMLResponseData" name="parsingXMLResponse" time="3.449"/>
</testsuite> <!-- day5.ParsingXMLResponseData -->
