<?xml version="1.0" encoding="UTF-8"?>
<!-- Generated by org.testng.reporters.JUnitReportReporter -->
<testsuite hostname="DESKTOP-13EDC9F" failures="0" tests="1" name="day3.HeaderDemo" time="2.687" errors="0" timestamp="2024-03-14T12:06:07 IST" skipped="0">
  <testcase classname="day3.HeaderDemo" name="headerDemo" time="2.687"/>
</testsuite> <!-- day3.HeaderDemo -->
