<?xml version="1.0" encoding="UTF-8"?>
<!-- Generated by org.testng.reporters.JUnitReportReporter -->
<testsuite hostname="DESKTOP-13EDC9F" failures="0" tests="1" name="practice.StudentData" time="2.363" errors="0" timestamp="2024-03-25T18:34:21 IST" skipped="0">
  <testcase classname="practice.StudentData" name="studentData" time="2.363"/>
</testsuite> <!-- practice.StudentData -->
