<?xml version="1.0" encoding="UTF-8"?>
<!-- Generated by org.testng.reporters.JUnitReportReporter -->
<testsuite hostname="DESKTOP-13EDC9F" failures="0" tests="4" name="day1.HTTPRequests" time="5.086" errors="0" timestamp="2024-03-12T18:45:13 IST" skipped="0">
  <testcase classname="day1.HTTPRequests" name="getUsers" time="3.417"/>
  <testcase classname="day1.HTTPRequests" name="createUser" time="0.878"/>
  <testcase classname="day1.HTTPRequests" name="updateUser" time="0.411"/>
  <testcase classname="day1.HTTPRequests" name="deleteUser" time="0.380"/>
</testsuite> <!-- day1.HTTPRequests -->
