<?xml version="1.0" encoding="UTF-8"?>
<!-- Generated by org.testng.reporters.JUnitReportReporter -->
<testsuite hostname="DESKTOP-13EDC9F" failures="0" tests="1" name="day5.ParsingXMLResponse_APR_3" time="3.310" errors="0" timestamp="2024-03-16T18:12:20 IST" skipped="0">
  <testcase classname="day5.ParsingXMLResponse_APR_3" name="parsingXMLResponse" time="3.310"/>
</testsuite> <!-- day5.ParsingXMLResponse_APR_3 -->
