<?xml version="1.0" encoding="UTF-8"?>
<!-- Generated by org.testng.reporters.JUnitReportReporter -->
<testsuite hostname="DESKTOP-13EDC9F" failures="0" tests="1" name="practice.RandomDataFaker" time="0.343" errors="0" timestamp="2024-04-11T18:43:11 IST" skipped="0">
  <testcase classname="practice.RandomDataFaker" name="randomData" time="0.343"/>
</testsuite> <!-- practice.RandomDataFaker -->
