<?xml version="1.0" encoding="UTF-8"?>
<!-- Generated by org.testng.reporters.JUnitReportReporter -->
<testsuite hostname="DESKTOP-13EDC9F" failures="0" tests="1" name="rawpractice.UpdateUser" time="0.111" errors="0" timestamp="2024-04-14T15:35:42 IST" skipped="0">
  <testcase classname="rawpractice.UpdateUser" name="updateUser" time="0.111"/>
</testsuite> <!-- rawpractice.UpdateUser -->
