<?xml version="1.0" encoding="UTF-8"?>
<!-- Generated by org.testng.reporters.JUnitReportReporter -->
<testsuite hostname="DESKTOP-13EDC9F" failures="0" tests="1" name="day3.PathandQueryParam" time="2.372" errors="0" timestamp="2024-04-10T19:09:56 IST" skipped="0">
  <testcase classname="day3.PathandQueryParam" name="pathAndQueryParam" time="2.372"/>
</testsuite> <!-- day3.PathandQueryParam -->
