<?xml version="1.0" encoding="UTF-8"?>
<!-- Generated by org.testng.reporters.JUnitReportReporter -->
<testsuite hostname="DESKTOP-13EDC9F" failures="0" tests="1" name="day4.JSONResponseData_APR_4" time="1.950" errors="0" timestamp="2024-03-16T11:36:16 IST" skipped="0">
  <testcase classname="day4.JSONResponseData_APR_4" name="jsonResponseData" time="1.950"/>
</testsuite> <!-- day4.JSONResponseData_APR_4 -->
