<?xml version="1.0" encoding="UTF-8"?>
<!-- Generated by org.testng.reporters.JUnitReportReporter -->
<testsuite hostname="DESKTOP-13EDC9F" failures="0" tests="1" name="day4.JSONResponseData_APR_2" time="2.721" errors="0" timestamp="2024-03-14T20:50:52 IST" skipped="0">
  <testcase classname="day4.JSONResponseData_APR_2" name="jsonResponseData" time="2.721"/>
</testsuite> <!-- day4.JSONResponseData_APR_2 -->
