<?xml version="1.0" encoding="UTF-8"?>
<!-- Generated by org.testng.reporters.JUnitReportReporter -->
<testsuite hostname="DESKTOP-13EDC9F" failures="0" tests="3" name="day7.BasicAuthentication" time="4.838" errors="0" timestamp="2024-03-18T12:27:17 IST" skipped="0">
  <testcase classname="day7.BasicAuthentication" name="digestAuth_leafground" time="0.089"/>
  <testcase classname="day7.BasicAuthentication" name="basicAuthi" time="4.664"/>
  <testcase classname="day7.BasicAuthentication" name="preemptiveAuthBasic_testleaf" time="0.085"/>
</testsuite> <!-- day7.BasicAuthentication -->
