<?xml version="1.0" encoding="UTF-8"?>
<!-- Generated by org.testng.reporters.JUnitReportReporter -->
<testsuite hostname="DESKTOP-13EDC9F" failures="0" tests="1" name="day3.CaptureMultiHeaderInfo" time="2.566" errors="0" timestamp="2024-03-14T12:47:19 IST" skipped="0">
  <testcase classname="day3.CaptureMultiHeaderInfo" name="multiHeader" time="2.566"/>
</testsuite> <!-- day3.CaptureMultiHeaderInfo -->
