<?xml version="1.0" encoding="UTF-8"?>
<!-- Generated by org.testng.reporters.JUnitReportReporter -->
<testsuite hostname="DESKTOP-13EDC9F" failures="0" tests="1" name="day3.CaptureSingleCookieInfo" time="3.901" errors="0" timestamp="2024-03-13T21:32:27 IST" skipped="0">
  <testcase classname="day3.CaptureSingleCookieInfo" name="captureSingleCookieInfo" time="3.901"/>
</testsuite> <!-- day3.CaptureSingleCookieInfo -->
