<?xml version="1.0" encoding="UTF-8"?>
<!-- Generated by org.testng.reporters.JUnitReportReporter -->
<testsuite hostname="DESKTOP-13EDC9F" failures="0" tests="2" name="practice.AlightApis" time="11.304" errors="0" timestamp="2024-04-16T09:21:46 IST" skipped="0">
  <testcase classname="practice.AlightApis" name="alightAPIs" time="10.237"/>
  <testcase classname="practice.AlightApis" name="alightengjson" time="1.067"/>
</testsuite> <!-- practice.AlightApis -->
