<?xml version="1.0" encoding="UTF-8"?>
<!-- Generated by org.testng.reporters.JUnitReportReporter -->
<testsuite hostname="DESKTOP-13EDC9F" failures="0" tests="2" name="day2.MultiplePostReqBody" time="3.291" errors="0" timestamp="2024-03-13T12:07:28 IST" skipped="0">
  <testcase classname="day2.MultiplePostReqBody" name="createStudentHashMap" time="3.182"/>
  <testcase classname="day2.MultiplePostReqBody" name="deleteStudentVinoda" time="0.109"/>
</testsuite> <!-- day2.MultiplePostReqBody -->
