<?xml version="1.0" encoding="UTF-8"?>
<!-- Generated by org.testng.reporters.JUnitReportReporter -->
<testsuite hostname="DESKTOP-13EDC9F" failures="0" tests="3" name="day7.Basic_Digest_Preemptive_Authentication" time="4.812" errors="0" timestamp="2024-04-11T18:32:58 IST" skipped="0">
  <testcase classname="day7.Basic_Digest_Preemptive_Authentication" name="digestAuth_leafground" time="0.099"/>
  <testcase classname="day7.Basic_Digest_Preemptive_Authentication" name="basicAuthi" time="4.630"/>
  <testcase classname="day7.Basic_Digest_Preemptive_Authentication" name="preemptiveAuthBasic_testleaf" time="0.083"/>
</testsuite> <!-- day7.Basic_Digest_Preemptive_Authentication -->
