<?xml version="1.0" encoding="UTF-8"?>
<!-- Generated by org.testng.reporters.JUnitReportReporter -->
<testsuite hostname="DESKTOP-13EDC9F" failures="0" tests="4" name="day1.HTTPRequests" time="5.887" errors="0" timestamp="2024-04-13T20:03:16 IST" skipped="0">
  <testcase classname="day1.HTTPRequests" name="getUsers" time="4.082"/>
  <testcase classname="day1.HTTPRequests" name="createUser" time="1.015"/>
  <testcase classname="day1.HTTPRequests" name="updateUser" time="0.394"/>
  <testcase classname="day1.HTTPRequests" name="deleteUser" time="0.396"/>
</testsuite> <!-- day1.HTTPRequests -->
