<?xml version="1.0" encoding="UTF-8"?>
<!-- Generated by org.testng.reporters.JUnitReportReporter -->
<testsuite hostname="DESKTOP-13EDC9F" failures="0" tests="1" name="day2.MultiPostReqBodyJsonLib" time="2.039" errors="0" timestamp="2024-03-13T12:46:07 IST" skipped="0">
  <testcase classname="day2.MultiPostReqBodyJsonLib" name="createStudentJsonLibrary" time="2.039"/>
</testsuite> <!-- day2.MultiPostReqBodyJsonLib -->
