<?xml version="1.0" encoding="UTF-8"?>
<!-- Generated by org.testng.reporters.JUnitReportReporter -->
<testsuite hostname="DESKTOP-13EDC9F" failures="0" tests="1" name="day3.CaptureSingleHeaderInfo" time="2.616" errors="0" timestamp="2024-03-14T12:15:37 IST" skipped="0">
  <testcase classname="day3.CaptureSingleHeaderInfo" name="singleHeader" time="2.616"/>
</testsuite> <!-- day3.CaptureSingleHeaderInfo -->
