<?xml version="1.0" encoding="UTF-8"?>
<!-- Generated by org.testng.reporters.JUnitReportReporter -->
<testsuite hostname="DESKTOP-13EDC9F" failures="0" tests="1" name="practice.StoreJsonParse" time="2.000" errors="0" timestamp="2024-04-11T12:24:11 IST" skipped="0">
  <testcase classname="practice.StoreJsonParse" name="parseJsonData" time="2.000"/>
</testsuite> <!-- practice.StoreJsonParse -->
