<?xml version="1.0" encoding="UTF-8"?>
<!-- Generated by org.testng.reporters.JUnitReportReporter -->
<testsuite hostname="DESKTOP-13EDC9F" failures="0" tests="1" name="practice.OptionsMethod" time="2.515" errors="0" timestamp="2024-04-16T20:48:12 IST" skipped="0">
  <testcase classname="practice.OptionsMethod" name="optionsMethod" time="2.515"/>
</testsuite> <!-- practice.OptionsMethod -->
