<?xml version="1.0" encoding="UTF-8"?>
<!-- Generated by org.testng.reporters.JUnitReportReporter -->
<testsuite hostname="DESKTOP-13EDC9F" failures="0" tests="4" name="practice.Day1httpreqs" time="4.779" errors="0" timestamp="2024-04-10T17:05:52 IST" skipped="0">
  <testcase classname="practice.Day1httpreqs" name="getUsersList" time="3.075"/>
  <testcase classname="practice.Day1httpreqs" name="createUser" time="0.924"/>
  <testcase classname="practice.Day1httpreqs" name="updateUser" time="0.391"/>
  <testcase classname="practice.Day1httpreqs" name="deleteUser" time="0.389"/>
</testsuite> <!-- practice.Day1httpreqs -->
