<?xml version="1.0" encoding="UTF-8"?>
<!-- Generated by org.testng.reporters.JUnitReportReporter -->
<testsuite hostname="DESKTOP-13EDC9F" failures="0" tests="2" name="practice.Serialization" time="0.400" errors="0" timestamp="2024-04-11T16:54:14 IST" skipped="0">
  <testcase classname="practice.Serialization" name="javaobj2json" time="0.348"/>
  <testcase classname="practice.Serialization" name="jsonobjjava" time="0.052"/>
</testsuite> <!-- practice.Serialization -->
