<?xml version="1.0" encoding="UTF-8"?>
<!-- Generated by org.testng.reporters.JUnitReportReporter -->
<testsuite hostname="DESKTOP-13EDC9F" failures="0" tests="1" name="day4.JSONResponseData_APR_3" time="2.026" errors="0" timestamp="2024-03-15T11:23:09 IST" skipped="0">
  <testcase classname="day4.JSONResponseData_APR_3" name="JSONResData" time="2.026"/>
</testsuite> <!-- day4.JSONResponseData_APR_3 -->
