<?xml version="1.0" encoding="UTF-8"?>
<!-- Generated by org.testng.reporters.JUnitReportReporter -->
<testsuite hostname="DESKTOP-13EDC9F" failures="0" tests="1" name="practice.JsonSchema" time="3.233" errors="0" timestamp="2024-04-11T15:49:11 IST" skipped="0">
  <testcase classname="practice.JsonSchema" name="jsonSchema" time="3.233"/>
</testsuite> <!-- practice.JsonSchema -->
