<?xml version="1.0" encoding="UTF-8"?>
<!-- Generated by org.testng.reporters.JUnitReportReporter -->
<testsuite hostname="DESKTOP-13EDC9F" failures="0" tests="1" name="day3.LogDemo" time="2.873" errors="0" timestamp="2024-03-14T13:37:21 IST" skipped="0">
  <testcase classname="day3.LogDemo" name="logDemo" time="2.873"/>
</testsuite> <!-- day3.LogDemo -->
