<?xml version="1.0" encoding="UTF-8"?>
<!-- Generated by org.testng.reporters.JUnitReportReporter -->
<testsuite hostname="DESKTOP-13EDC9F" failures="0" tests="3" name="practice.RestAssuredAuth" time="6.127" errors="0" timestamp="2024-04-11T18:34:03 IST" skipped="0">
  <testcase classname="practice.RestAssuredAuth" name="basicAuth" time="5.959"/>
  <testcase classname="practice.RestAssuredAuth" name="digestAuth" time="0.085"/>
  <testcase classname="practice.RestAssuredAuth" name="preemptiveAuth" time="0.083"/>
</testsuite> <!-- practice.RestAssuredAuth -->
