<?xml version="1.0" encoding="UTF-8"?>
<!-- Generated by org.testng.reporters.JUnitReportReporter -->
<testsuite hostname="DESKTOP-13EDC9F" failures="0" tests="1" name="practice.TC_001_UpdateUser" time="0.190" errors="0" timestamp="2024-04-12T12:40:56 IST" skipped="0">
  <testcase classname="practice.TC_001_UpdateUser" name="updateUser" time="0.190"/>
</testsuite> <!-- practice.TC_001_UpdateUser -->
