<?xml version="1.0" encoding="UTF-8"?>
<!-- Generated by org.testng.reporters.JUnitReportReporter -->
<testsuite hostname="DESKTOP-13EDC9F" failures="0" tests="1" name="practice.Day1httpreq" time="2.224" errors="0" timestamp="2024-04-10T16:38:05 IST" skipped="0">
  <testcase classname="practice.Day1httpreq" name="getUsersList" time="2.224"/>
</testsuite> <!-- practice.Day1httpreq -->
