<?xml version="1.0" encoding="UTF-8"?>
<!-- Generated by org.testng.reporters.JUnitReportReporter -->
<testsuite hostname="DESKTOP-13EDC9F" failures="0" tests="1" name="day8.CreateUser" time="3.080" errors="0" timestamp="2024-03-20T20:29:36 IST" skipped="0">
  <testcase classname="day8.CreateUser" name="createUser" time="3.080"/>
</testsuite> <!-- day8.CreateUser -->
