<?xml version="1.0" encoding="UTF-8"?>
<!-- Generated by org.testng.reporters.JUnitReportReporter -->
<testsuite hostname="DESKTOP-13EDC9F" failures="0" tests="1" name="day2.MultiPostReqBodyExternalJSON" time="2.182" errors="0" timestamp="2024-03-13T15:46:38 IST" skipped="0">
  <testcase classname="day2.MultiPostReqBodyExternalJSON" name="postReqBodyExternalJSON" time="2.182"/>
</testsuite> <!-- day2.MultiPostReqBodyExternalJSON -->
