<?xml version="1.0" encoding="UTF-8"?>
<!-- Generated by org.testng.reporters.JUnitReportReporter -->
<testsuite hostname="DESKTOP-13EDC9F" failures="0" tests="1" name="day2.MultiPostReqBodyPOJO" time="2.685" errors="0" timestamp="2024-03-13T13:36:19 IST" skipped="0">
  <testcase classname="day2.MultiPostReqBodyPOJO" name="postReqBodyPojo" time="2.685"/>
</testsuite> <!-- day2.MultiPostReqBodyPOJO -->
