<?xml version="1.0" encoding="UTF-8"?>
<!-- Generated by org.testng.reporters.JUnitReportReporter -->
<testsuite hostname="DESKTOP-13EDC9F" failures="0" tests="1" name="day6.SerilizationDeserilization" time="0.365" errors="0" timestamp="2024-03-17T15:42:37 IST" skipped="0">
  <testcase classname="day6.SerilizationDeserilization" name="convertPojo2Json" time="0.365"/>
</testsuite> <!-- day6.SerilizationDeserilization -->
