<?xml version="1.0" encoding="UTF-8"?>
<!-- Generated by org.testng.reporters.JUnitReportReporter -->
<testsuite hostname="DESKTOP-13EDC9F" failures="0" tests="1" name="day4.ParsingJSONResponseData" time="2.938" errors="0" timestamp="2024-03-14T17:07:30 IST" skipped="0">
  <testcase classname="day4.ParsingJSONResponseData" name="parsingJSONResponse" time="2.938"/>
</testsuite> <!-- day4.ParsingJSONResponseData -->
