<?xml version="1.0" encoding="UTF-8"?>
<!-- Generated by org.testng.reporters.JUnitReportReporter -->
<testsuite hostname="DESKTOP-13EDC9F" failures="0" tests="5" name="com.testng.prac.AllAnnotations" time="0.051" errors="0" timestamp="2024-04-19T11:06:03 IST" skipped="0">
  <testcase classname="com.testng.prac.AllAnnotations" name="Test" time="0.006"/>
  <testcase classname="com.testng.prac.AllAnnotations" name="Test" time="0.014"/>
  <testcase classname="com.testng.prac.AllAnnotations" name="Test" time="0.012"/>
  <testcase classname="com.testng.prac.AllAnnotations" name="Test" time="0.013"/>
  <testcase classname="com.testng.prac.AllAnnotations" name="Test" time="0.006"/>
</testsuite> <!-- com.testng.prac.AllAnnotations -->
