<?xml version="1.0" encoding="UTF-8"?>
<!-- Generated by org.testng.reporters.JUnitReportReporter -->
<testsuite hostname="DESKTOP-13EDC9F" failures="0" tests="1" name="com.testng.TC_004_OptionalAnnotation" time="6.989" errors="0" timestamp="2024-04-04T18:07:02 IST" skipped="0">
  <testcase classname="com.testng.TC_004_OptionalAnnotation" name="openBrowser" time="6.989"/>
</testsuite> <!-- com.testng.TC_004_OptionalAnnotation -->
