<?xml version="1.0" encoding="UTF-8"?>
<!-- Generated by org.testng.reporters.JUnitReportReporter -->
<testsuite hostname="DESKTOP-13EDC9F" failures="0" tests="3" name="com.cucumberprac.TestRunTagHook" time="0.141" errors="0" timestamp="2024-04-19T09:28:08 IST" skipped="0">
  <testcase classname="com.cucumberprac.TestRunTagHook" name="runScenario" time="0.120"/>
  <testcase classname="com.cucumberprac.TestRunTagHook" name="runScenario" time="0.011"/>
  <testcase classname="com.cucumberprac.TestRunTagHook" name="runScenario" time="0.010"/>
</testsuite> <!-- com.cucumberprac.TestRunTagHook -->
