<?xml version="1.0" encoding="UTF-8"?>
<!-- Generated by org.testng.reporters.JUnitReportReporter -->
<testsuite hostname="DESKTOP-13EDC9F" failures="0" tests="1" name="com.cucumber.TestRunner" time="56.330" errors="0" timestamp="2024-04-06T18:14:52 IST" skipped="0">
  <testcase classname="com.cucumber.TestRunner" name="runScenario" time="56.330"/>
</testsuite> <!-- com.cucumber.TestRunner -->
