<?xml version="1.0" encoding="UTF-8"?>
<!-- Generated by org.testng.reporters.JUnitReportReporter -->
<testsuite hostname="DESKTOP-13EDC9F" failures="0" tests="1" name="com.cucumberprac.TestRunnerTags" time="12.250" errors="0" timestamp="2024-04-18T23:57:47 IST" skipped="0">
  <testcase classname="com.cucumberprac.TestRunnerTags" name="runScenario" time="12.250"/>
</testsuite> <!-- com.cucumberprac.TestRunnerTags -->
