<?xml version="1.0" encoding="UTF-8"?>
<!-- Generated by org.testng.reporters.JUnitReportReporter -->
<testsuite hostname="DESKTOP-13EDC9F" failures="0" tests="2" name="com.cucumberprac.TestRun" time="17.227" errors="0" timestamp="2024-04-08T09:04:33 IST" skipped="0">
  <testcase classname="com.cucumberprac.TestRun" name="runScenario" time="6.446"/>
  <testcase classname="com.cucumberprac.TestRun" name="runScenario" time="10.781"/>
</testsuite> <!-- com.cucumberprac.TestRun -->
