<?xml version="1.0" encoding="UTF-8"?>
<!-- Generated by org.testng.reporters.JUnitReportReporter -->
<testsuite hostname="DESKTOP-13EDC9F" failures="0" tests="2" name="com.testng.TC_002_AddToCartRemove" time="15.093" errors="0" timestamp="2024-04-04T17:09:05 IST" skipped="0">
  <testcase classname="com.testng.TC_002_AddToCartRemove" name="addToCart" time="8.302"/>
  <testcase classname="com.testng.TC_002_AddToCartRemove" name="removeFromCart" time="6.791"/>
</testsuite> <!-- com.testng.TC_002_AddToCartRemove -->
