<?xml version="1.0" encoding="UTF-8"?>
<!-- Generated by org.testng.reporters.JUnitReportReporter -->
<testsuite hostname="DESKTOP-13EDC9F" failures="0" tests="1" name="com.testng.TC_001_RemoveFromCart" time="13.785" errors="0" timestamp="2024-04-04T16:56:45 IST" skipped="0">
  <testcase classname="com.testng.TC_001_RemoveFromCart" name="removeFromCart" time="13.785"/>
</testsuite> <!-- com.testng.TC_001_RemoveFromCart -->
