<?xml version="1.0" encoding="UTF-8"?>
<!-- Generated by org.testng.reporters.JUnitReportReporter -->
<testsuite hostname="DESKTOP-13EDC9F" failures="0" tests="1" name="com.testng.prac.GroupsAnnotation" time="0.012" errors="0" timestamp="2024-04-19T00:02:12 IST" skipped="0">
  <testcase classname="com.testng.prac.GroupsAnnotation" name="m2" time="0.012"/>
</testsuite> <!-- com.testng.prac.GroupsAnnotation -->
