<?xml version="1.0" encoding="UTF-8"?>
<!-- Generated by org.testng.reporters.JUnitReportReporter -->
<testsuite hostname="DESKTOP-13EDC9F" failures="0" tests="3" name="com.testng.TC_005_Dataprovider" time="14.447" errors="0" timestamp="2024-04-04T18:45:58 IST" skipped="0">
  <testcase classname="com.testng.TC_005_Dataprovider" name="login" time="5.040"/>
  <testcase classname="com.testng.TC_005_Dataprovider" name="login" time="4.465"/>
  <testcase classname="com.testng.TC_005_Dataprovider" name="login" time="4.942"/>
</testsuite> <!-- com.testng.TC_005_Dataprovider -->
