<?xml version="1.0" encoding="UTF-8"?>
<!-- Generated by org.testng.reporters.JUnitReportReporter -->
<testsuite hostname="DESKTOP-13EDC9F" failures="0" tests="2" name="com.framework.testscripts.SL_FullTransaction" time="128.359" errors="0" timestamp="2024-04-02T17:20:22 IST" skipped="0">
  <testcase classname="com.framework.testscripts.SL_FullTransaction" name="slFullTransaction" time="64.901"/>
  <testcase classname="com.framework.testscripts.SL_FullTransaction" name="slFullTransaction" time="63.458"/>
</testsuite> <!-- com.framework.testscripts.SL_FullTransaction -->
