<?xml version="1.0" encoding="UTF-8"?>
<!-- Generated by org.testng.reporters.JUnitReportReporter -->
<testsuite hostname="DESKTOP-13EDC9F" failures="0" tests="2" name="com.framework.testscripts.TC_003_AddRemoveCart" time="18.973" errors="0" timestamp="2024-04-08T16:52:44 IST" skipped="0">
  <testcase classname="com.framework.testscripts.TC_003_AddRemoveCart" name="addRemove" time="9.711"/>
  <testcase classname="com.framework.testscripts.TC_003_AddRemoveCart" name="addRemove" time="9.262"/>
</testsuite> <!-- com.framework.testscripts.TC_003_AddRemoveCart -->
