<?xml version="1.0" encoding="UTF-8"?>
<!-- Generated by org.testng.reporters.JUnitReportReporter -->
<testsuite hostname="DESKTOP-13EDC9F" failures="0" tests="3" name="com.cucumberprac.TestRunBackground" time="0.181" errors="0" timestamp="2024-04-18T18:11:05 IST" skipped="0">
  <testcase classname="com.cucumberprac.TestRunBackground" name="runScenario" time="0.146"/>
  <testcase classname="com.cucumberprac.TestRunBackground" name="runScenario" time="0.023"/>
  <testcase classname="com.cucumberprac.TestRunBackground" name="runScenario" time="0.012"/>
</testsuite> <!-- com.cucumberprac.TestRunBackground -->
