<?xml version="1.0" encoding="UTF-8"?>
<!-- Generated by org.testng.reporters.JUnitReportReporter -->
<testsuite hostname="DESKTOP-13EDC9F" failures="0" tests="2" name="com.cucumberprac.TestRun" time="26.924" errors="0" timestamp="2024-04-20T12:12:11 IST" skipped="0">
  <testcase classname="com.cucumberprac.TestRun" name="runScenario" time="8.942"/>
  <testcase classname="com.cucumberprac.TestRun" name="runScenario" time="17.982"/>
</testsuite> <!-- com.cucumberprac.TestRun -->
