<?xml version="1.0" encoding="UTF-8"?>
<!-- Generated by org.testng.reporters.JUnitReportReporter -->
<testsuite hostname="DESKTOP-13EDC9F" failures="0" tests="4" name="com.cucumberprac.TestRun" time="53.622" errors="0" timestamp="2024-04-19T12:20:02 IST" skipped="0">
  <testcase classname="com.cucumberprac.TestRun" name="runScenario" time="11.716"/>
  <testcase classname="com.cucumberprac.TestRun" name="runScenario" time="11.603"/>
  <testcase classname="com.cucumberprac.TestRun" name="runScenario" time="15.112"/>
  <testcase classname="com.cucumberprac.TestRun" name="runScenario" time="15.191"/>
</testsuite> <!-- com.cucumberprac.TestRun -->
