<?xml version="1.0" encoding="UTF-8"?>
<!-- Generated by org.testng.reporters.JUnitReportReporter -->
<testsuite hostname="DESKTOP-13EDC9F" failures="0" tests="2" name="com.testng.TC_003_ParametersAddToCart" time="25.505" errors="0" timestamp="2024-04-19T12:01:43 IST" skipped="0">
  <testcase classname="com.testng.TC_003_ParametersAddToCart" name="addToCart" time="13.144"/>
  <testcase classname="com.testng.TC_003_ParametersAddToCart" name="addToCart" time="12.361"/>
</testsuite> <!-- com.testng.TC_003_ParametersAddToCart -->
