<?xml version="1.0" encoding="UTF-8"?>
<!-- Generated by org.testng.reporters.JUnitReportReporter -->
<testsuite hostname="DESKTOP-13EDC9F" failures="0" tests="2" name="com.testng.TC_003_ParametersAddToCart" time="25.227" errors="0" timestamp="2024-04-04T18:06:20 IST" skipped="0">
  <testcase classname="com.testng.TC_003_ParametersAddToCart" name="addToCart" time="12.137"/>
  <testcase classname="com.testng.TC_003_ParametersAddToCart" name="addToCart" time="13.090"/>
</testsuite> <!-- com.testng.TC_003_ParametersAddToCart -->
