<?xml version="1.0" encoding="UTF-8"?>
<!-- Generated by org.testng.reporters.JUnitReportReporter -->
<testsuite hostname="DESKTOP-13EDC9F" failures="0" tests="2" name="com.framework.testscripts.TC_001_AddRemoveCart" time="14.550" errors="0" timestamp="2024-04-02T17:24:20 IST" skipped="0">
  <testcase classname="com.framework.testscripts.TC_001_AddRemoveCart" name="addRemove" time="7.495"/>
  <testcase classname="com.framework.testscripts.TC_001_AddRemoveCart" name="addRemove" time="7.055"/>
</testsuite> <!-- com.framework.testscripts.TC_001_AddRemoveCart -->
