<?xml version="1.0" encoding="UTF-8"?>
<!-- Generated by org.testng.reporters.JUnitReportReporter -->
<testsuite hostname="DESKTOP-13EDC9F" failures="0" tests="1" name="com.cucumberprac.TestRunDataTable" time="0.151" errors="0" timestamp="2024-04-17T18:03:11 IST" skipped="0">
  <testcase classname="com.cucumberprac.TestRunDataTable" name="runScenario" time="0.151"/>
</testsuite> <!-- com.cucumberprac.TestRunDataTable -->
