<?xml version="1.0" encoding="UTF-8"?>
<!-- Generated by org.testng.reporters.JUnitReportReporter -->
<testsuite hostname="DESKTOP-13EDC9F" failures="0" tests="2" name="com.framework.testscripts.SL_FullTransaction" time="129.285" errors="0" timestamp="2024-03-07T16:23:23 IST" skipped="0">
  <testcase classname="com.framework.testscripts.SL_FullTransaction" name="slFullTransaction" time="63.026"/>
  <testcase classname="com.framework.testscripts.SL_FullTransaction" name="slFullTransaction" time="66.259"/>
</testsuite> <!-- com.framework.testscripts.SL_FullTransaction -->
